<?xml version="1.0" encoding="UTF-8"?>
<!-- Generated by org.testng.reporters.JUnitReportReporter -->
<testsuite hostname="DESKTOP-A28HCJH" failures="0" tests="1" name="com.generic.GoogleWithTestNg" time="0.004" errors="0" timestamp="2023-01-24T15:42:02 PST" skipped="0">
  <testcase classname="com.generic.GoogleWithTestNg" name="getTest" time="0.004"/>
  <system-out/>
</testsuite> <!-- com.generic.GoogleWithTestNg -->
