<?xml version="1.0" encoding="UTF-8"?>
<!-- Generated by org.testng.reporters.JUnitReportReporter -->
<testsuite hostname="DESKTOP-A28HCJH" failures="0" tests="1" name="com.generic.CostcoWithTestNG" time="0.014" errors="0" timestamp="2023-01-24T15:42:02 PST" skipped="0">
  <testcase classname="com.generic.CostcoWithTestNG" name="getTest" time="0.014"/>
  <system-out/>
</testsuite> <!-- com.generic.CostcoWithTestNG -->
