<?xml version="1.0" encoding="UTF-8"?>
<!-- Generated by org.testng.reporters.JUnitReportReporter -->
<testsuite hostname="DESKTOP-A28HCJH" failures="0" tests="1" name="com.cucumberrunner.CucumberRunner" time="11.278" errors="0" timestamp="2023-01-17T22:01:00 PST" skipped="0">
  <testcase classname="com.cucumberrunner.CucumberRunner" name="runScenario" time="11.278"/>
  <system-out/>
</testsuite> <!-- com.cucumberrunner.CucumberRunner -->
