<?xml version="1.0" encoding="UTF-8"?>
<!-- Generated by org.testng.reporters.JUnitReportReporter -->
<testsuite hostname="DESKTOP-A28HCJH" failures="0" tests="1" name="com.testng.interview.practice.SmokeTestWithTestNG" time="0.006" errors="0" timestamp="2023-01-24T15:36:27 PST" skipped="0">
  <testcase classname="com.testng.interview.practice.SmokeTestWithTestNG" name="getTest1" time="0.006"/>
  <system-out/>
</testsuite> <!-- com.testng.interview.practice.SmokeTestWithTestNG -->
