<?xml version="1.0" encoding="UTF-8"?>
<!-- Generated by org.testng.reporters.JUnitReportReporter -->
<testsuite hostname="DESKTOP-A28HCJH" failures="0" tests="1" name="com.regression.ParameterTestng" time="0.011" errors="0" timestamp="2023-01-19T04:15:42 PST" skipped="0">
  <testcase classname="com.regression.ParameterTestng" name="getData" time="0.011"/>
  <system-out/>
</testsuite> <!-- com.regression.ParameterTestng -->
