<?xml version="1.0" encoding="UTF-8"?>
<!-- Generated by org.testng.reporters.JUnitReportReporter -->
<testsuite hostname="DESKTOP-A28HCJH" failures="0" tests="1" name="com.cucumberrunner.CucumberRunner" time="9.201" errors="0" timestamp="2022-11-22T14:32:49 PST" skipped="0">
  <testcase classname="com.cucumberrunner.CucumberRunner" name="runScenario" time="9.201"/>
  <system-out/>
</testsuite> <!-- com.cucumberrunner.CucumberRunner -->
