<?xml version="1.0" encoding="UTF-8"?>
<!-- Generated by org.testng.reporters.JUnitReportReporter -->
<testsuite hostname="DESKTOP-A28HCJH" failures="0" tests="3" name="com.regression.PracticeTestNG" time="0.001" errors="0" timestamp="2023-01-24T15:36:27 PST" skipped="2">
  <testcase classname="com.regression.PracticeTestNG" name="getTest0" time="0.001"/>
  <system-out/>
  <testcase classname="com.regression.PracticeTestNG" name="getTest2">
    <skipped/>
  </testcase> <!-- getTest2 -->
  <system-out/>
  <testcase classname="com.regression.PracticeTestNG" name="getTest1">
    <skipped/>
  </testcase> <!-- getTest1 -->
  <system-out/>
</testsuite> <!-- com.regression.PracticeTestNG -->
