<?xml version="1.0" encoding="UTF-8"?>
<!-- Generated by org.testng.reporters.JUnitReportReporter -->
<testsuite hostname="DESKTOP-A28HCJH" failures="0" tests="1" name="com.cucumberrunner.CucumberRunner" time="11.815" errors="0" timestamp="2022-12-07T19:03:10 PST" skipped="0">
  <testcase classname="com.cucumberrunner.CucumberRunner" name="runScenario" time="11.815"/>
  <system-out/>
</testsuite> <!-- com.cucumberrunner.CucumberRunner -->
